[ 2016-07-21T00:40:06+08:00 ] 127.0.0.1 /favicon.ico
INFO: [ app_init ] --START--
INFO: Run Behavior\BuildLiteBehavior [ RunTime:0.000000s ]
INFO: [ app_init ] --END-- [ RunTime:0.001000s ]
ERR: 无法加载模块:Favicon

[ 2016-07-21T00:57:13+08:00 ] 127.0.0.1 /vendor/twbs/bootstrap/dist/js/bootstrap.min.css
INFO: [ app_init ] --START--
INFO: Run Behavior\BuildLiteBehavior [ RunTime:0.000000s ]
INFO: [ app_init ] --END-- [ RunTime:0.000000s ]
ERR: 无法加载模块:Vendor

[ 2016-07-21T00:57:18+08:00 ] 127.0.0.1 /vendor/twbs/bootstrap/dist/js/bootstrap.min.css
INFO: [ app_init ] --START--
INFO: Run Behavior\BuildLiteBehavior [ RunTime:0.000000s ]
INFO: [ app_init ] --END-- [ RunTime:0.000000s ]
ERR: 无法加载模块:Vendor

[ 2016-07-21T00:57:51+08:00 ] 127.0.0.1 /vendor/twbs/bootstrap/dist/js/bootstrap.min.css
INFO: [ app_init ] --START--
INFO: Run Behavior\BuildLiteBehavior [ RunTime:0.000000s ]
INFO: [ app_init ] --END-- [ RunTime:0.000000s ]
ERR: 无法加载模块:Vendor

[ 2016-07-21T00:58:01+08:00 ] 127.0.0.1 /vendor/twbs/bootstrap/dist/js/bootstrap.min.css
INFO: [ app_init ] --START--
INFO: Run Behavior\BuildLiteBehavior [ RunTime:0.000000s ]
INFO: [ app_init ] --END-- [ RunTime:0.000000s ]
ERR: 无法加载模块:Vendor

[ 2016-07-21T00:58:03+08:00 ] 127.0.0.1 /vendor/twbs/bootstrap/dist/js/bootstrap.min.css
INFO: [ app_init ] --START--
INFO: Run Behavior\BuildLiteBehavior [ RunTime:0.000000s ]
INFO: [ app_init ] --END-- [ RunTime:0.001000s ]
ERR: 无法加载模块:Vendor

[ 2016-07-21T00:58:09+08:00 ] 127.0.0.1 /vendor/twbs/bootstrap/dist/js/bootstrap.min.css
INFO: [ app_init ] --START--
INFO: Run Behavior\BuildLiteBehavior [ RunTime:0.000000s ]
INFO: [ app_init ] --END-- [ RunTime:0.001000s ]
ERR: 无法加载模块:Vendor

[ 2016-07-21T00:58:59+08:00 ] 127.0.0.1 /vendor/twbs/bootstrap/dist/js/bootstrap.min.css
INFO: [ app_init ] --START--
INFO: Run Behavior\BuildLiteBehavior [ RunTime:0.000000s ]
INFO: [ app_init ] --END-- [ RunTime:0.001001s ]
ERR: 无法加载模块:Vendor

[ 2016-07-21T17:48:24+08:00 ] 127.0.0.1 /dashboard
INFO: [ app_init ] --START--
INFO: Run Behavior\BuildLiteBehavior [ RunTime:0.000000s ]
INFO: [ app_init ] --END-- [ RunTime:0.001001s ]
ERR: 无法加载模块:Dashboard

[ 2016-07-21T17:48:35+08:00 ] 127.0.0.1 /dashboard
INFO: [ app_init ] --START--
INFO: Run Behavior\BuildLiteBehavior [ RunTime:0.000000s ]
INFO: [ app_init ] --END-- [ RunTime:0.001000s ]
ERR: 无法加载模块:Dashboard

