[ 2016-06-01T13:09:10+08:00 ] ::1 /ThinkPHP/
INFO: [ app_init ] --START--
INFO: Run Behavior\BuildLiteBehavior [ RunTime:0.001000s ]
INFO: [ app_init ] --END-- [ RunTime:0.001000s ]
INFO: [ app_begin ] --START--
INFO: Run Behavior\ReadHtmlCacheBehavior [ RunTime:0.000000s ]
INFO: [ app_begin ] --END-- [ RunTime:0.000000s ]
INFO: [ view_parse ] --START--
INFO: Run Behavior\ParseTemplateBehavior [ RunTime:0.000000s ]
INFO: [ view_parse ] --END-- [ RunTime:0.000000s ]
INFO: [ view_filter ] --START--
INFO: Run Behavior\WriteHtmlCacheBehavior [ RunTime:0.001001s ]
INFO: [ view_filter ] --END-- [ RunTime:0.001001s ]
INFO: [ app_end ] --START--
INFO: Run Behavior\ShowPageTraceBehavior [ RunTime:0.001000s ]
INFO: [ app_end ] --END-- [ RunTime:0.001000s ]

[ 2016-06-01T13:09:26+08:00 ] ::1 /ThinkPHP/Home/Common
INFO: [ app_init ] --START--
INFO: Run Behavior\BuildLiteBehavior [ RunTime:0.000000s ]
INFO: [ app_init ] --END-- [ RunTime:0.001000s ]
INFO: [ app_begin ] --START--
INFO: Run Behavior\ReadHtmlCacheBehavior [ RunTime:0.001000s ]
INFO: [ app_begin ] --END-- [ RunTime:0.001000s ]
ERR: 无法加载控制器:Common

[ 2016-06-01T13:12:34+08:00 ] ::1 /ThinkPHP/Home/Common
INFO: [ app_init ] --START--
INFO: Run Behavior\BuildLiteBehavior [ RunTime:0.000000s ]
INFO: [ app_init ] --END-- [ RunTime:0.001000s ]
INFO: [ app_begin ] --START--
INFO: Run Behavior\ReadHtmlCacheBehavior [ RunTime:0.001000s ]
INFO: [ app_begin ] --END-- [ RunTime:0.002000s ]
ERR: 无法加载控制器:Common

[ 2016-06-01T13:12:36+08:00 ] ::1 /ThinkPHP/Home
INFO: [ app_init ] --START--
INFO: Run Behavior\BuildLiteBehavior [ RunTime:0.000000s ]
INFO: [ app_init ] --END-- [ RunTime:0.000000s ]
INFO: [ app_begin ] --START--
INFO: Run Behavior\ReadHtmlCacheBehavior [ RunTime:0.001000s ]
INFO: [ app_begin ] --END-- [ RunTime:0.001000s ]
INFO: [ view_parse ] --START--
INFO: Run Behavior\ParseTemplateBehavior [ RunTime:0.000000s ]
INFO: [ view_parse ] --END-- [ RunTime:0.000000s ]
INFO: [ view_filter ] --START--
INFO: Run Behavior\WriteHtmlCacheBehavior [ RunTime:0.001000s ]
INFO: [ view_filter ] --END-- [ RunTime:0.001000s ]
INFO: [ app_end ] --START--
INFO: Run Behavior\ShowPageTraceBehavior [ RunTime:0.001000s ]
INFO: [ app_end ] --END-- [ RunTime:0.001000s ]

[ 2016-06-01T13:14:59+08:00 ] ::1 /ThinkPHP/Home/model
INFO: [ app_init ] --START--
INFO: Run Behavior\BuildLiteBehavior [ RunTime:0.000000s ]
INFO: [ app_init ] --END-- [ RunTime:0.001000s ]
INFO: [ app_begin ] --START--
INFO: Run Behavior\ReadHtmlCacheBehavior [ RunTime:0.001000s ]
INFO: [ app_begin ] --END-- [ RunTime:0.001000s ]
ERR: 无法加载控制器:Model

[ 2016-06-01T13:15:07+08:00 ] ::1 /ThinkPHP/Home/User/model
INFO: [ app_init ] --START--
INFO: Run Behavior\BuildLiteBehavior [ RunTime:0.000000s ]
INFO: [ app_init ] --END-- [ RunTime:0.000000s ]
INFO: [ app_begin ] --START--
INFO: Run Behavior\ReadHtmlCacheBehavior [ RunTime:0.001001s ]
INFO: [ app_begin ] --END-- [ RunTime:0.001001s ]
INFO: [ app_end ] --START--
INFO: Run Behavior\ShowPageTraceBehavior [ RunTime:0.001000s ]
INFO: [ app_end ] --END-- [ RunTime:0.001000s ]

[ 2016-06-01T13:18:19+08:00 ] ::1 /ThinkPHP/Home/User/model
INFO: [ app_init ] --START--
INFO: Run Behavior\BuildLiteBehavior [ RunTime:0.000000s ]
INFO: [ app_init ] --END-- [ RunTime:0.001000s ]
INFO: [ app_begin ] --START--
INFO: Run Behavior\ReadHtmlCacheBehavior [ RunTime:0.000000s ]
INFO: [ app_begin ] --END-- [ RunTime:0.001000s ]
INFO: [ app_end ] --START--
INFO: Run Behavior\ShowPageTraceBehavior [ RunTime:0.001000s ]
INFO: [ app_end ] --END-- [ RunTime:0.001000s ]

[ 2016-06-01T13:37:35+08:00 ] ::1 /ThinkPHP/Home/User/model
INFO: [ app_init ] --START--
INFO: Run Behavior\BuildLiteBehavior [ RunTime:0.000000s ]
INFO: [ app_init ] --END-- [ RunTime:0.001000s ]
INFO: [ app_begin ] --START--
INFO: Run Behavior\ReadHtmlCacheBehavior [ RunTime:0.001000s ]
INFO: [ app_begin ] --END-- [ RunTime:0.001000s ]
INFO: [ app_end ] --START--
INFO: Run Behavior\ShowPageTraceBehavior [ RunTime:0.001000s ]
INFO: [ app_end ] --END-- [ RunTime:0.001000s ]

[ 2016-06-01T13:37:58+08:00 ] ::1 /ThinkPHP/Home/User/model
INFO: [ app_init ] --START--
INFO: Run Behavior\BuildLiteBehavior [ RunTime:0.000000s ]
INFO: [ app_init ] --END-- [ RunTime:0.001000s ]
INFO: [ app_begin ] --START--
INFO: Run Behavior\ReadHtmlCacheBehavior [ RunTime:0.002000s ]
INFO: [ app_begin ] --END-- [ RunTime:0.002000s ]
ERR: 1146:Table 'thinkphp.think_model' doesn't exist
 [ SQL语句 ] : SHOW COLUMNS FROM `think_model`
ERR: 1146:Table 'thinkphp.think_model' doesn't exist
 [ SQL语句 ] : SHOW COLUMNS FROM `think_model`

[ 2016-06-01T13:38:07+08:00 ] ::1 /ThinkPHP/Home/User/model
INFO: [ app_init ] --START--
INFO: Run Behavior\BuildLiteBehavior [ RunTime:0.000000s ]
INFO: [ app_init ] --END-- [ RunTime:0.001000s ]
INFO: [ app_begin ] --START--
INFO: Run Behavior\ReadHtmlCacheBehavior [ RunTime:0.001000s ]
INFO: [ app_begin ] --END-- [ RunTime:0.001000s ]
SQL: SHOW COLUMNS FROM `think_user` [ RunTime:0.0030s ]
INFO: [ app_end ] --START--
INFO: Run Behavior\ShowPageTraceBehavior [ RunTime:0.001000s ]
INFO: [ app_end ] --END-- [ RunTime:0.001000s ]

[ 2016-06-01T13:46:44+08:00 ] ::1 /ThinkPHP/Home/User/model
INFO: [ app_init ] --START--
INFO: Run Behavior\BuildLiteBehavior [ RunTime:0.000000s ]
INFO: [ app_init ] --END-- [ RunTime:0.001000s ]
INFO: [ app_begin ] --START--
INFO: Run Behavior\ReadHtmlCacheBehavior [ RunTime:0.001000s ]
INFO: [ app_begin ] --END-- [ RunTime:0.001000s ]
SQL: SHOW COLUMNS FROM `think_user` [ RunTime:0.0050s ]
INFO: [ app_end ] --START--
INFO: Run Behavior\ShowPageTraceBehavior [ RunTime:0.002000s ]
INFO: [ app_end ] --END-- [ RunTime:0.002000s ]

[ 2016-06-01T13:46:46+08:00 ] ::1 /ThinkPHP/Home/User/model
INFO: [ app_init ] --START--
INFO: Run Behavior\BuildLiteBehavior [ RunTime:0.000000s ]
INFO: [ app_init ] --END-- [ RunTime:0.000000s ]
INFO: [ app_begin ] --START--
INFO: Run Behavior\ReadHtmlCacheBehavior [ RunTime:0.001000s ]
INFO: [ app_begin ] --END-- [ RunTime:0.001000s ]
SQL: SHOW COLUMNS FROM `think_user` [ RunTime:0.0030s ]
INFO: [ app_end ] --START--
INFO: Run Behavior\ShowPageTraceBehavior [ RunTime:0.001000s ]
INFO: [ app_end ] --END-- [ RunTime:0.001000s ]

[ 2016-06-01T13:47:08+08:00 ] ::1 /ThinkPHP/Home/User/model
INFO: [ app_init ] --START--
INFO: Run Behavior\BuildLiteBehavior [ RunTime:0.000000s ]
INFO: [ app_init ] --END-- [ RunTime:0.001000s ]
INFO: [ app_begin ] --START--
INFO: Run Behavior\ReadHtmlCacheBehavior [ RunTime:0.001000s ]
INFO: [ app_begin ] --END-- [ RunTime:0.001000s ]
SQL: SHOW COLUMNS FROM `think_user` [ RunTime:0.0040s ]
INFO: [ app_end ] --START--
INFO: Run Behavior\ShowPageTraceBehavior [ RunTime:0.001000s ]
INFO: [ app_end ] --END-- [ RunTime:0.001000s ]

[ 2016-06-01T13:52:24+08:00 ] ::1 /ThinkPHP/Home/User/model
INFO: [ app_init ] --START--
INFO: Run Behavior\BuildLiteBehavior [ RunTime:0.000000s ]
INFO: [ app_init ] --END-- [ RunTime:0.001000s ]
INFO: [ app_begin ] --START--
INFO: Run Behavior\ReadHtmlCacheBehavior [ RunTime:0.001000s ]
INFO: [ app_begin ] --END-- [ RunTime:0.001000s ]
SQL: SHOW COLUMNS FROM `think_user` [ RunTime:0.0040s ]
INFO: [ app_end ] --START--
INFO: Run Behavior\ShowPageTraceBehavior [ RunTime:0.001000s ]
INFO: [ app_end ] --END-- [ RunTime:0.001000s ]

[ 2016-06-01T13:55:14+08:00 ] ::1 /ThinkPHP/Home/User/model
INFO: [ app_init ] --START--
INFO: Run Behavior\BuildLiteBehavior [ RunTime:0.000000s ]
INFO: [ app_init ] --END-- [ RunTime:0.000000s ]
INFO: [ app_begin ] --START--
INFO: Run Behavior\ReadHtmlCacheBehavior [ RunTime:0.000000s ]
INFO: [ app_begin ] --END-- [ RunTime:0.000000s ]
SQL: SHOW COLUMNS FROM `think_user` [ RunTime:0.0050s ]
DEBUG: Think\Model Object
(
    [db:protected] => Think\Db\Driver\Mysql Object
        (
            [PDOStatement:protected] => PDOStatement Object
                (
                    [queryString] => SHOW COLUMNS FROM `think_user`
                )

            [model:protected] => user
            [queryStr:protected] => SHOW COLUMNS FROM `think_user`
            [modelSql:protected] => Array
                (
                    [user] => SHOW COLUMNS FROM `think_user`
                )

            [lastInsID:protected] => 
            [numRows:protected] => 4
            [transTimes:protected] => 0
            [error:protected] => 
            [linkID:protected] => Array
                (
                    [0] => PDO Object
                        (
                        )

                )

            [_linkID:protected] => PDO Object
                (
                )

            [config:protected] => Array
                (
                    [type] => mysql
                    [hostname] => localhost
                    [database] => thinkphp
                    [username] => root
                    [password] => root
                    [hostport] => 3306
                    [dsn] => 
                    [params] => Array
                        (
                        )

                    [charset] => utf8
                    [prefix] => 
                    [debug] => 1
                    [deploy] => 0
                    [rw_separate] => 
                    [master_num] => 1
                    [slave_no] => 
                    [db_like_fields] => 
                    [lite] => 
                )

            [exp:protected] => Array
                (
                    [eq] => =
                    [neq] => <>
                    [gt] => >
                    [egt] => >=
                    [lt] => <
                    [elt] => <=
                    [notlike] => NOT LIKE
                    [like] => LIKE
                    [in] => IN
                    [notin] => NOT IN
                    [not in] => NOT IN
                    [between] => BETWEEN
                    [not between] => NOT BETWEEN
                    [notbetween] => NOT BETWEEN
                )

            [selectSql:protected] => SELECT%DISTINCT% %FIELD% FROM %TABLE%%FORCE%%JOIN%%WHERE%%GROUP%%HAVING%%ORDER%%LIMIT% %UNION%%LOCK%%COMMENT%
            [queryTimes:protected] => 1
            [executeTimes:protected] => 0
            [options:protected] => Array
                (
                    [8] => 2
                    [3] => 2
                    [11] => 0
                    [17] => 0
                    [1002] => SET NAMES utf8
                )

            [bind:protected] => Array
                (
                )

        )

    [_db:Think\Model:private] => Array
        (
            [0] => Think\Db\Driver\Mysql Object
                (
                    [PDOStatement:protected] => PDOStatement Object
                        (
                            [queryString] => SHOW COLUMNS FROM `think_user`
                        )

                    [model:protected] => user
                    [queryStr:protected] => SHOW COLUMNS FROM `think_user`
                    [modelSql:protected] => Array
                        (
                            [user] => SHOW COLUMNS FROM `think_user`
                        )

                    [lastInsID:protected] => 
                    [numRows:protected] => 4
                    [transTimes:protected] => 0
                    [error:protected] => 
                    [linkID:protected] => Array
                        (
                            [0] => PDO Object
                                (
                                )

                        )

                    [_linkID:protected] => PDO Object
                        (
                        )

                    [config:protected] => Array
                        (
                            [type] => mysql
                            [hostname] => localhost
                            [database] => thinkphp
                            [username] => root
                            [password] => root
                            [hostport] => 3306
                            [dsn] => 
                            [params] => Array
                                (
                                )

                            [charset] => utf8
                            [prefix] => 
                            [debug] => 1
                            [deploy] => 0
                            [rw_separate] => 
                            [master_num] => 1
                            [slave_no] => 
                            [db_like_fields] => 
                            [lite] => 
                        )

                    [exp:protected] => Array
                        (
                            [eq] => =
                            [neq] => <>
                            [gt] => >
                            [egt] => >=
                            [lt] => <
                            [elt] => <=
                            [notlike] => NOT LIKE
                            [like] => LIKE
                            [in] => IN
                            [notin] => NOT IN
                            [not in] => NOT IN
                            [between] => BETWEEN
                            [not between] => NOT BETWEEN
                            [notbetween] => NOT BETWEEN
                        )

                    [selectSql:protected] => SELECT%DISTINCT% %FIELD% FROM %TABLE%%FORCE%%JOIN%%WHERE%%GROUP%%HAVING%%ORDER%%LIMIT% %UNION%%LOCK%%COMMENT%
                    [queryTimes:protected] => 1
                    [executeTimes:protected] => 0
                    [options:protected] => Array
                        (
                            [8] => 2
                            [3] => 2
                            [11] => 0
                            [17] => 0
                            [1002] => SET NAMES utf8
                        )

                    [bind:protected] => Array
                        (
                        )

                )

        )

    [pk:protected] => id
    [autoinc:protected] => 1
    [tablePrefix:protected] => think_
    [name:protected] => user
    [dbName:protected] => 
    [connection:protected] => 
    [tableName:protected] => 
    [trueTableName:protected] => think_user
    [error:protected] => 
    [fields:protected] => Array
        (
            [0] => id
            [1] => user
            [2] => email
            [3] => date
            [_pk] => id
            [_type] => Array
                (
                    [id] => int(11)
                    [user] => varchar(20)
                    [email] => varchar(100)
                    [date] => datetime
                )

        )

    [data:protected] => Array
        (
        )

    [options:protected] => Array
        (
        )

    [_validate:protected] => Array
        (
        )

    [_auto:protected] => Array
        (
        )

    [_map:protected] => Array
        (
        )

    [_scope:protected] => Array
        (
        )

    [autoCheckFields:protected] => 1
    [patchValidate:protected] => 
    [methods:protected] => Array
        (
            [0] => strict
            [1] => order
            [2] => alias
            [3] => having
            [4] => group
            [5] => lock
            [6] => distinct
            [7] => auto
            [8] => filter
            [9] => validate
            [10] => result
            [11] => token
            [12] => index
            [13] => force
        )

)

INFO: [ app_end ] --START--
INFO: Run Behavior\ShowPageTraceBehavior [ RunTime:0.002000s ]
INFO: [ app_end ] --END-- [ RunTime:0.002000s ]

[ 2016-06-01T13:55:14+08:00 ] ::1 /ThinkPHP/Home/User/model
INFO: [ app_init ] --START--
INFO: Run Behavior\BuildLiteBehavior [ RunTime:0.000000s ]
INFO: [ app_init ] --END-- [ RunTime:0.001000s ]
INFO: [ app_begin ] --START--
INFO: Run Behavior\ReadHtmlCacheBehavior [ RunTime:0.001000s ]
INFO: [ app_begin ] --END-- [ RunTime:0.001000s ]
SQL: SHOW COLUMNS FROM `think_user` [ RunTime:0.0030s ]
DEBUG: Think\Model Object
(
    [db:protected] => Think\Db\Driver\Mysql Object
        (
            [PDOStatement:protected] => PDOStatement Object
                (
                    [queryString] => SHOW COLUMNS FROM `think_user`
                )

            [model:protected] => user
            [queryStr:protected] => SHOW COLUMNS FROM `think_user`
            [modelSql:protected] => Array
                (
                    [user] => SHOW COLUMNS FROM `think_user`
                )

            [lastInsID:protected] => 
            [numRows:protected] => 4
            [transTimes:protected] => 0
            [error:protected] => 
            [linkID:protected] => Array
                (
                    [0] => PDO Object
                        (
                        )

                )

            [_linkID:protected] => PDO Object
                (
                )

            [config:protected] => Array
                (
                    [type] => mysql
                    [hostname] => localhost
                    [database] => thinkphp
                    [username] => root
                    [password] => root
                    [hostport] => 3306
                    [dsn] => 
                    [params] => Array
                        (
                        )

                    [charset] => utf8
                    [prefix] => 
                    [debug] => 1
                    [deploy] => 0
                    [rw_separate] => 
                    [master_num] => 1
                    [slave_no] => 
                    [db_like_fields] => 
                    [lite] => 
                )

            [exp:protected] => Array
                (
                    [eq] => =
                    [neq] => <>
                    [gt] => >
                    [egt] => >=
                    [lt] => <
                    [elt] => <=
                    [notlike] => NOT LIKE
                    [like] => LIKE
                    [in] => IN
                    [notin] => NOT IN
                    [not in] => NOT IN
                    [between] => BETWEEN
                    [not between] => NOT BETWEEN
                    [notbetween] => NOT BETWEEN
                )

            [selectSql:protected] => SELECT%DISTINCT% %FIELD% FROM %TABLE%%FORCE%%JOIN%%WHERE%%GROUP%%HAVING%%ORDER%%LIMIT% %UNION%%LOCK%%COMMENT%
            [queryTimes:protected] => 1
            [executeTimes:protected] => 0
            [options:protected] => Array
                (
                    [8] => 2
                    [3] => 2
                    [11] => 0
                    [17] => 0
                    [1002] => SET NAMES utf8
                )

            [bind:protected] => Array
                (
                )

        )

    [_db:Think\Model:private] => Array
        (
            [0] => Think\Db\Driver\Mysql Object
                (
                    [PDOStatement:protected] => PDOStatement Object
                        (
                            [queryString] => SHOW COLUMNS FROM `think_user`
                        )

                    [model:protected] => user
                    [queryStr:protected] => SHOW COLUMNS FROM `think_user`
                    [modelSql:protected] => Array
                        (
                            [user] => SHOW COLUMNS FROM `think_user`
                        )

                    [lastInsID:protected] => 
                    [numRows:protected] => 4
                    [transTimes:protected] => 0
                    [error:protected] => 
                    [linkID:protected] => Array
                        (
                            [0] => PDO Object
                                (
                                )

                        )

                    [_linkID:protected] => PDO Object
                        (
                        )

                    [config:protected] => Array
                        (
                            [type] => mysql
                            [hostname] => localhost
                            [database] => thinkphp
                            [username] => root
                            [password] => root
                            [hostport] => 3306
                            [dsn] => 
                            [params] => Array
                                (
                                )

                            [charset] => utf8
                            [prefix] => 
                            [debug] => 1
                            [deploy] => 0
                            [rw_separate] => 
                            [master_num] => 1
                            [slave_no] => 
                            [db_like_fields] => 
                            [lite] => 
                        )

                    [exp:protected] => Array
                        (
                            [eq] => =
                            [neq] => <>
                            [gt] => >
                            [egt] => >=
                            [lt] => <
                            [elt] => <=
                            [notlike] => NOT LIKE
                            [like] => LIKE
                            [in] => IN
                            [notin] => NOT IN
                            [not in] => NOT IN
                            [between] => BETWEEN
                            [not between] => NOT BETWEEN
                            [notbetween] => NOT BETWEEN
                        )

                    [selectSql:protected] => SELECT%DISTINCT% %FIELD% FROM %TABLE%%FORCE%%JOIN%%WHERE%%GROUP%%HAVING%%ORDER%%LIMIT% %UNION%%LOCK%%COMMENT%
                    [queryTimes:protected] => 1
                    [executeTimes:protected] => 0
                    [options:protected] => Array
                        (
                            [8] => 2
                            [3] => 2
                            [11] => 0
                            [17] => 0
                            [1002] => SET NAMES utf8
                        )

                    [bind:protected] => Array
                        (
                        )

                )

        )

    [pk:protected] => id
    [autoinc:protected] => 1
    [tablePrefix:protected] => think_
    [name:protected] => user
    [dbName:protected] => 
    [connection:protected] => 
    [tableName:protected] => 
    [trueTableName:protected] => think_user
    [error:protected] => 
    [fields:protected] => Array
        (
            [0] => id
            [1] => user
            [2] => email
            [3] => date
            [_pk] => id
            [_type] => Array
                (
                    [id] => int(11)
                    [user] => varchar(20)
                    [email] => varchar(100)
                    [date] => datetime
                )

        )

    [data:protected] => Array
        (
        )

    [options:protected] => Array
        (
        )

    [_validate:protected] => Array
        (
        )

    [_auto:protected] => Array
        (
        )

    [_map:protected] => Array
        (
        )

    [_scope:protected] => Array
        (
        )

    [autoCheckFields:protected] => 1
    [patchValidate:protected] => 
    [methods:protected] => Array
        (
            [0] => strict
            [1] => order
            [2] => alias
            [3] => having
            [4] => group
            [5] => lock
            [6] => distinct
            [7] => auto
            [8] => filter
            [9] => validate
            [10] => result
            [11] => token
            [12] => index
            [13] => force
        )

)

INFO: [ app_end ] --START--
INFO: Run Behavior\ShowPageTraceBehavior [ RunTime:0.002000s ]
INFO: [ app_end ] --END-- [ RunTime:0.002000s ]

[ 2016-06-01T13:56:12+08:00 ] ::1 /ThinkPHP/Home/User/model
INFO: [ app_init ] --START--
INFO: Run Behavior\BuildLiteBehavior [ RunTime:0.000000s ]
INFO: [ app_init ] --END-- [ RunTime:0.001000s ]

[ 2016-06-01T13:56:13+08:00 ] ::1 /ThinkPHP/Home/User/model
INFO: [ app_init ] --START--
INFO: Run Behavior\BuildLiteBehavior [ RunTime:0.000000s ]
INFO: [ app_init ] --END-- [ RunTime:0.000000s ]

[ 2016-06-01T13:57:06+08:00 ] ::1 /ThinkPHP/Home/User/model
INFO: [ app_init ] --START--
INFO: Run Behavior\BuildLiteBehavior [ RunTime:0.000000s ]
INFO: [ app_init ] --END-- [ RunTime:0.001000s ]

[ 2016-06-01T13:58:16+08:00 ] ::1 /ThinkPHP/Home/User/model
INFO: [ app_init ] --START--
INFO: Run Behavior\BuildLiteBehavior [ RunTime:0.000000s ]
INFO: [ app_init ] --END-- [ RunTime:0.001000s ]

[ 2016-06-01T13:59:02+08:00 ] ::1 /ThinkPHP/Home/User/model
INFO: [ app_init ] --START--
INFO: Run Behavior\BuildLiteBehavior [ RunTime:0.000000s ]
INFO: [ app_init ] --END-- [ RunTime:0.001000s ]

[ 2016-06-01T13:59:03+08:00 ] ::1 /ThinkPHP/Home/User/model
INFO: [ app_init ] --START--
INFO: Run Behavior\BuildLiteBehavior [ RunTime:0.000000s ]
INFO: [ app_init ] --END-- [ RunTime:0.001000s ]

[ 2016-06-01T13:59:38+08:00 ] ::1 /ThinkPHP/Home/User/model
INFO: [ app_init ] --START--
INFO: Run Behavior\BuildLiteBehavior [ RunTime:0.000000s ]
INFO: [ app_init ] --END-- [ RunTime:0.000000s ]

[ 2016-06-01T13:59:58+08:00 ] ::1 /ThinkPHP/Home/User/model
INFO: [ app_init ] --START--
INFO: Run Behavior\BuildLiteBehavior [ RunTime:0.000000s ]
INFO: [ app_init ] --END-- [ RunTime:0.001000s ]

[ 2016-06-01T14:00:32+08:00 ] ::1 /ThinkPHP/Home/User/model
INFO: [ app_init ] --START--
INFO: Run Behavior\BuildLiteBehavior [ RunTime:0.000000s ]
INFO: [ app_init ] --END-- [ RunTime:0.001000s ]

[ 2016-06-01T14:01:18+08:00 ] ::1 /ThinkPHP/Home/User/model
INFO: [ app_init ] --START--
INFO: Run Behavior\BuildLiteBehavior [ RunTime:0.000000s ]
INFO: [ app_init ] --END-- [ RunTime:0.000000s ]
NOTIC: D方法实例化没找到模型类Home\ModelModel

[ 2016-06-01T14:01:19+08:00 ] ::1 /ThinkPHP/Home/User/model
INFO: [ app_init ] --START--
INFO: Run Behavior\BuildLiteBehavior [ RunTime:0.000000s ]
INFO: [ app_init ] --END-- [ RunTime:0.000000s ]
NOTIC: D方法实例化没找到模型类Home\ModelModel

[ 2016-06-01T14:01:46+08:00 ] ::1 /ThinkPHP/Home/User/model
INFO: [ app_init ] --START--
INFO: Run Behavior\BuildLiteBehavior [ RunTime:0.000000s ]
INFO: [ app_init ] --END-- [ RunTime:0.001000s ]

[ 2016-06-01T14:03:23+08:00 ] ::1 /ThinkPHP/Home/User/model
INFO: [ app_init ] --START--
INFO: Run Behavior\BuildLiteBehavior [ RunTime:0.000000s ]
INFO: [ app_init ] --END-- [ RunTime:0.000000s ]

[ 2016-06-01T14:07:27+08:00 ] ::1 /ThinkPHP/Home/User/model
INFO: [ app_init ] --START--
INFO: Run Behavior\BuildLiteBehavior [ RunTime:0.000000s ]
INFO: [ app_init ] --END-- [ RunTime:0.001000s ]
INFO: [ app_begin ] --START--
INFO: Run Behavior\ReadHtmlCacheBehavior [ RunTime:0.001001s ]
INFO: [ app_begin ] --END-- [ RunTime:0.001001s ]
ERR: 无法加载数据库驱动: Think\Db\Driver\Pdo

[ 2016-06-01T14:09:24+08:00 ] ::1 /ThinkPHP/Home/User/model
INFO: [ app_init ] --START--
INFO: Run Behavior\BuildLiteBehavior [ RunTime:0.000000s ]
INFO: [ app_init ] --END-- [ RunTime:0.000000s ]
INFO: [ app_begin ] --START--
INFO: Run Behavior\ReadHtmlCacheBehavior [ RunTime:0.001000s ]
INFO: [ app_begin ] --END-- [ RunTime:0.001000s ]
ERR: 1046:No database selected
 [ SQL语句 ] : SHOW COLUMNS FROM `think_user`
ERR: 1046:No database selected
 [ SQL语句 ] : SHOW COLUMNS FROM `think_user`

[ 2016-06-01T14:09:42+08:00 ] ::1 /ThinkPHP/Home/User/model
INFO: [ app_init ] --START--
INFO: Run Behavior\BuildLiteBehavior [ RunTime:0.000000s ]
INFO: [ app_init ] --END-- [ RunTime:0.000000s ]
INFO: [ app_begin ] --START--
INFO: Run Behavior\ReadHtmlCacheBehavior [ RunTime:0.001000s ]
INFO: [ app_begin ] --END-- [ RunTime:0.001000s ]
ERR: SQLSTATE[HY000] [2019] Unknown character set

[ 2016-06-01T14:09:53+08:00 ] ::1 /ThinkPHP/Home/User/model
INFO: [ app_init ] --START--
INFO: Run Behavior\BuildLiteBehavior [ RunTime:0.000000s ]
INFO: [ app_init ] --END-- [ RunTime:0.001000s ]
INFO: [ app_begin ] --START--
INFO: Run Behavior\ReadHtmlCacheBehavior [ RunTime:0.001000s ]
INFO: [ app_begin ] --END-- [ RunTime:0.001000s ]
SQL: SHOW COLUMNS FROM `think_user` [ RunTime:0.0030s ]
SQL: SELECT * FROM `think_user`  [ RunTime:0.0000s ]
INFO: [ app_end ] --START--
INFO: Run Behavior\ShowPageTraceBehavior [ RunTime:0.001000s ]
INFO: [ app_end ] --END-- [ RunTime:0.001000s ]

[ 2016-06-01T14:11:47+08:00 ] ::1 /ThinkPHP/Home/User/model
INFO: [ app_init ] --START--
INFO: Run Behavior\BuildLiteBehavior [ RunTime:0.000000s ]
INFO: [ app_init ] --END-- [ RunTime:0.000000s ]
INFO: [ app_begin ] --START--
INFO: Run Behavior\ReadHtmlCacheBehavior [ RunTime:0.001000s ]
INFO: [ app_begin ] --END-- [ RunTime:0.001000s ]

[ 2016-06-01T14:17:42+08:00 ] ::1 /ThinkPHP/Home/User/model
INFO: [ app_init ] --START--
INFO: Run Behavior\BuildLiteBehavior [ RunTime:0.000000s ]
INFO: [ app_init ] --END-- [ RunTime:0.001001s ]
INFO: [ app_begin ] --START--
INFO: Run Behavior\ReadHtmlCacheBehavior [ RunTime:0.001000s ]
INFO: [ app_begin ] --END-- [ RunTime:0.001000s ]
SQL: SHOW COLUMNS FROM `think_user` [ RunTime:0.0040s ]
SQL: SELECT * FROM `think_user`  [ RunTime:0.0000s ]
INFO: [ app_end ] --START--
INFO: Run Behavior\ShowPageTraceBehavior [ RunTime:0.001000s ]
INFO: [ app_end ] --END-- [ RunTime:0.001000s ]

[ 2016-06-01T14:20:32+08:00 ] ::1 /ThinkPHP/Home/User/model
INFO: [ app_init ] --START--
INFO: Run Behavior\BuildLiteBehavior [ RunTime:0.000000s ]
INFO: [ app_init ] --END-- [ RunTime:0.001000s ]
INFO: [ app_begin ] --START--
INFO: Run Behavior\ReadHtmlCacheBehavior [ RunTime:0.001001s ]
INFO: [ app_begin ] --END-- [ RunTime:0.001001s ]
SQL: SHOW COLUMNS FROM `think_user` [ RunTime:0.0040s ]
INFO: [ app_end ] --START--
INFO: Run Behavior\ShowPageTraceBehavior [ RunTime:0.001000s ]
INFO: [ app_end ] --END-- [ RunTime:0.002000s ]

[ 2016-06-01T14:20:52+08:00 ] ::1 /ThinkPHP/Home/User/model
INFO: [ app_init ] --START--
INFO: Run Behavior\BuildLiteBehavior [ RunTime:0.000000s ]
INFO: [ app_init ] --END-- [ RunTime:0.000000s ]
INFO: [ app_begin ] --START--
INFO: Run Behavior\ReadHtmlCacheBehavior [ RunTime:0.000000s ]
INFO: [ app_begin ] --END-- [ RunTime:0.000000s ]
SQL: SHOW COLUMNS FROM `think_user` [ RunTime:0.0040s ]
SQL: SELECT * FROM `think_user`  [ RunTime:0.0000s ]
INFO: [ app_end ] --START--
INFO: Run Behavior\ShowPageTraceBehavior [ RunTime:0.001000s ]
INFO: [ app_end ] --END-- [ RunTime:0.001000s ]

[ 2016-06-01T14:23:22+08:00 ] ::1 /ThinkPHP/Home/User/model
INFO: [ app_init ] --START--
INFO: Run Behavior\BuildLiteBehavior [ RunTime:0.000000s ]
INFO: [ app_init ] --END-- [ RunTime:0.000000s ]
INFO: [ app_begin ] --START--
INFO: Run Behavior\ReadHtmlCacheBehavior [ RunTime:0.000000s ]
INFO: [ app_begin ] --END-- [ RunTime:0.001000s ]
ERR: 1146:Table 'thinkphp.think_asd' doesn't exist
 [ SQL语句 ] : SHOW COLUMNS FROM `think_asd`
ERR: 1146:Table 'thinkphp.think_asd' doesn't exist
 [ SQL语句 ] : SHOW COLUMNS FROM `think_asd`

[ 2016-06-01T14:23:31+08:00 ] ::1 /ThinkPHP/Home/User/model
INFO: [ app_init ] --START--
INFO: Run Behavior\BuildLiteBehavior [ RunTime:0.000000s ]
INFO: [ app_init ] --END-- [ RunTime:0.000000s ]
INFO: [ app_begin ] --START--
INFO: Run Behavior\ReadHtmlCacheBehavior [ RunTime:0.001000s ]
INFO: [ app_begin ] --END-- [ RunTime:0.001000s ]
SQL: SHOW COLUMNS FROM `think_user` [ RunTime:0.0050s ]
SQL: SELECT * FROM `think_user`  [ RunTime:0.0010s ]
INFO: [ app_end ] --START--
INFO: Run Behavior\ShowPageTraceBehavior [ RunTime:0.001000s ]
INFO: [ app_end ] --END-- [ RunTime:0.001000s ]

[ 2016-06-01T22:11:36+08:00 ] ::1 /ThinkPHP/Home/User/model
INFO: [ app_init ] --START--
INFO: Run Behavior\BuildLiteBehavior [ RunTime:0.000000s ]
INFO: [ app_init ] --END-- [ RunTime:0.001000s ]
INFO: [ app_begin ] --START--
INFO: Run Behavior\ReadHtmlCacheBehavior [ RunTime:0.001000s ]
INFO: [ app_begin ] --END-- [ RunTime:0.001000s ]
SQL: SHOW COLUMNS FROM `think_user` [ RunTime:0.0020s ]
SQL: SELECT * FROM `think_user`  [ RunTime:0.0000s ]
INFO: [ app_end ] --START--
INFO: Run Behavior\ShowPageTraceBehavior [ RunTime:0.002000s ]
INFO: [ app_end ] --END-- [ RunTime:0.002000s ]

[ 2016-06-01T22:12:04+08:00 ] ::1 /ThinkPHP/Home/User/model
INFO: [ app_init ] --START--
INFO: Run Behavior\BuildLiteBehavior [ RunTime:0.000000s ]
INFO: [ app_init ] --END-- [ RunTime:0.000000s ]
INFO: [ app_begin ] --START--
INFO: Run Behavior\ReadHtmlCacheBehavior [ RunTime:0.001000s ]
INFO: [ app_begin ] --END-- [ RunTime:0.001000s ]
SQL: SHOW COLUMNS FROM `think_user` [ RunTime:0.0020s ]
INFO: [ app_end ] --START--
INFO: Run Behavior\ShowPageTraceBehavior [ RunTime:0.001000s ]
INFO: [ app_end ] --END-- [ RunTime:0.001000s ]

[ 2016-06-01T22:12:05+08:00 ] ::1 /ThinkPHP/Home/User/model
INFO: [ app_init ] --START--
INFO: Run Behavior\BuildLiteBehavior [ RunTime:0.000000s ]
INFO: [ app_init ] --END-- [ RunTime:0.001000s ]
INFO: [ app_begin ] --START--
INFO: Run Behavior\ReadHtmlCacheBehavior [ RunTime:0.001000s ]
INFO: [ app_begin ] --END-- [ RunTime:0.001000s ]
SQL: SHOW COLUMNS FROM `think_user` [ RunTime:0.0020s ]
INFO: [ app_end ] --START--
INFO: Run Behavior\ShowPageTraceBehavior [ RunTime:0.001000s ]
INFO: [ app_end ] --END-- [ RunTime:0.001000s ]

[ 2016-06-01T22:12:47+08:00 ] ::1 /ThinkPHP/Home/User/model
INFO: [ app_init ] --START--
INFO: Run Behavior\BuildLiteBehavior [ RunTime:0.000000s ]
INFO: [ app_init ] --END-- [ RunTime:0.000000s ]
INFO: [ app_begin ] --START--
INFO: Run Behavior\ReadHtmlCacheBehavior [ RunTime:0.001000s ]
INFO: [ app_begin ] --END-- [ RunTime:0.001000s ]
INFO: [ app_end ] --START--
INFO: Run Behavior\ShowPageTraceBehavior [ RunTime:0.001000s ]
INFO: [ app_end ] --END-- [ RunTime:0.001000s ]

[ 2016-06-01T22:13:00+08:00 ] ::1 /ThinkPHP/Home/User/model
INFO: [ app_init ] --START--
INFO: Run Behavior\BuildLiteBehavior [ RunTime:0.000000s ]
INFO: [ app_init ] --END-- [ RunTime:0.001000s ]
INFO: [ app_begin ] --START--
INFO: Run Behavior\ReadHtmlCacheBehavior [ RunTime:0.001000s ]
INFO: [ app_begin ] --END-- [ RunTime:0.001000s ]

[ 2016-06-01T22:13:01+08:00 ] ::1 /ThinkPHP/Home/User/model
INFO: [ app_init ] --START--
INFO: Run Behavior\BuildLiteBehavior [ RunTime:0.000000s ]
INFO: [ app_init ] --END-- [ RunTime:0.000000s ]
INFO: [ app_begin ] --START--
INFO: Run Behavior\ReadHtmlCacheBehavior [ RunTime:0.001000s ]
INFO: [ app_begin ] --END-- [ RunTime:0.001000s ]

[ 2016-06-01T22:13:29+08:00 ] ::1 /ThinkPHP/Home/User/model
INFO: [ app_init ] --START--
INFO: Run Behavior\BuildLiteBehavior [ RunTime:0.000000s ]
INFO: [ app_init ] --END-- [ RunTime:0.001000s ]
INFO: [ app_begin ] --START--
INFO: Run Behavior\ReadHtmlCacheBehavior [ RunTime:0.001000s ]
INFO: [ app_begin ] --END-- [ RunTime:0.001000s ]
SQL: SHOW COLUMNS FROM `think_user` [ RunTime:0.0020s ]
SQL: SELECT * FROM `think_user`  [ RunTime:0.0010s ]
INFO: [ app_end ] --START--
INFO: Run Behavior\ShowPageTraceBehavior [ RunTime:0.001000s ]
INFO: [ app_end ] --END-- [ RunTime:0.001000s ]

[ 2016-06-01T22:15:31+08:00 ] ::1 /ThinkPHP/Home/User/model
INFO: [ app_init ] --START--
INFO: Run Behavior\BuildLiteBehavior [ RunTime:0.000000s ]
INFO: [ app_init ] --END-- [ RunTime:0.000000s ]
INFO: [ app_begin ] --START--
INFO: Run Behavior\ReadHtmlCacheBehavior [ RunTime:0.001000s ]
INFO: [ app_begin ] --END-- [ RunTime:0.001000s ]
SQL: SHOW COLUMNS FROM `think_user` [ RunTime:0.0030s ]
INFO: [ app_end ] --START--
INFO: Run Behavior\ShowPageTraceBehavior [ RunTime:0.001000s ]
INFO: [ app_end ] --END-- [ RunTime:0.002000s ]

[ 2016-06-01T22:21:19+08:00 ] ::1 /ThinkPHP/Home/User/model
INFO: [ app_init ] --START--
INFO: Run Behavior\BuildLiteBehavior [ RunTime:0.000000s ]
INFO: [ app_init ] --END-- [ RunTime:0.001001s ]
INFO: [ app_begin ] --START--
INFO: Run Behavior\ReadHtmlCacheBehavior [ RunTime:0.001000s ]
INFO: [ app_begin ] --END-- [ RunTime:0.001000s ]
SQL: SHOW COLUMNS FROM `think_user` [ RunTime:0.0020s ]
INFO: [ app_end ] --START--
INFO: Run Behavior\ShowPageTraceBehavior [ RunTime:0.000000s ]
INFO: [ app_end ] --END-- [ RunTime:0.002000s ]

[ 2016-06-01T22:21:35+08:00 ] ::1 /ThinkPHP/Home/User/model
INFO: [ app_init ] --START--
INFO: Run Behavior\BuildLiteBehavior [ RunTime:0.000000s ]
INFO: [ app_init ] --END-- [ RunTime:0.000000s ]
INFO: [ app_begin ] --START--
INFO: Run Behavior\ReadHtmlCacheBehavior [ RunTime:0.000000s ]
INFO: [ app_begin ] --END-- [ RunTime:0.000000s ]
SQL: SHOW COLUMNS FROM `think_user` [ RunTime:0.0030s ]
INFO: [ app_end ] --START--
INFO: Run Behavior\ShowPageTraceBehavior [ RunTime:0.001000s ]
INFO: [ app_end ] --END-- [ RunTime:0.001000s ]

[ 2016-06-01T22:21:43+08:00 ] ::1 /ThinkPHP/Home/User/model
INFO: [ app_init ] --START--
INFO: Run Behavior\BuildLiteBehavior [ RunTime:0.000000s ]
INFO: [ app_init ] --END-- [ RunTime:0.001000s ]
INFO: [ app_begin ] --START--
INFO: Run Behavior\ReadHtmlCacheBehavior [ RunTime:0.001000s ]
INFO: [ app_begin ] --END-- [ RunTime:0.001000s ]
SQL: SHOW COLUMNS FROM `think_user` [ RunTime:0.0030s ]
INFO: [ app_end ] --START--
INFO: Run Behavior\ShowPageTraceBehavior [ RunTime:0.001000s ]
INFO: [ app_end ] --END-- [ RunTime:0.001000s ]

[ 2016-06-01T22:21:44+08:00 ] ::1 /ThinkPHP/Home/User/model
INFO: [ app_init ] --START--
INFO: Run Behavior\BuildLiteBehavior [ RunTime:0.000000s ]
INFO: [ app_init ] --END-- [ RunTime:0.001000s ]
INFO: [ app_begin ] --START--
INFO: Run Behavior\ReadHtmlCacheBehavior [ RunTime:0.001000s ]
INFO: [ app_begin ] --END-- [ RunTime:0.001000s ]
SQL: SHOW COLUMNS FROM `think_user` [ RunTime:0.0020s ]
INFO: [ app_end ] --START--
INFO: Run Behavior\ShowPageTraceBehavior [ RunTime:0.001000s ]
INFO: [ app_end ] --END-- [ RunTime:0.001000s ]

[ 2016-06-01T22:22:12+08:00 ] ::1 /ThinkPHP/Home/User/model
INFO: [ app_init ] --START--
INFO: Run Behavior\BuildLiteBehavior [ RunTime:0.000000s ]
INFO: [ app_init ] --END-- [ RunTime:0.000000s ]
INFO: [ app_begin ] --START--
INFO: Run Behavior\ReadHtmlCacheBehavior [ RunTime:0.000000s ]
INFO: [ app_begin ] --END-- [ RunTime:0.000000s ]
SQL: SHOW COLUMNS FROM `think_user` [ RunTime:0.0050s ]
INFO: [ app_end ] --START--
INFO: Run Behavior\ShowPageTraceBehavior [ RunTime:0.001000s ]
INFO: [ app_end ] --END-- [ RunTime:0.001000s ]

[ 2016-06-01T22:22:13+08:00 ] ::1 /ThinkPHP/Home/User/model
INFO: [ app_init ] --START--
INFO: Run Behavior\BuildLiteBehavior [ RunTime:0.000000s ]
INFO: [ app_init ] --END-- [ RunTime:0.000000s ]
INFO: [ app_begin ] --START--
INFO: Run Behavior\ReadHtmlCacheBehavior [ RunTime:0.001000s ]
INFO: [ app_begin ] --END-- [ RunTime:0.001000s ]
SQL: SHOW COLUMNS FROM `think_user` [ RunTime:0.0030s ]
INFO: [ app_end ] --START--
INFO: Run Behavior\ShowPageTraceBehavior [ RunTime:0.001000s ]
INFO: [ app_end ] --END-- [ RunTime:0.001000s ]

[ 2016-06-01T22:22:22+08:00 ] ::1 /ThinkPHP/Home/User/model
INFO: [ app_init ] --START--
INFO: Run Behavior\BuildLiteBehavior [ RunTime:0.000000s ]
INFO: [ app_init ] --END-- [ RunTime:0.001000s ]
INFO: [ app_begin ] --START--
INFO: Run Behavior\ReadHtmlCacheBehavior [ RunTime:0.000000s ]
INFO: [ app_begin ] --END-- [ RunTime:0.000000s ]
SQL: SHOW COLUMNS FROM `think_user` [ RunTime:0.0030s ]
INFO: [ app_end ] --START--
INFO: Run Behavior\ShowPageTraceBehavior [ RunTime:0.001000s ]
INFO: [ app_end ] --END-- [ RunTime:0.001000s ]

[ 2016-06-01T22:22:39+08:00 ] ::1 /ThinkPHP/Home/User/model
INFO: [ app_init ] --START--
INFO: Run Behavior\BuildLiteBehavior [ RunTime:0.000000s ]
INFO: [ app_init ] --END-- [ RunTime:0.001000s ]
INFO: [ app_begin ] --START--
INFO: Run Behavior\ReadHtmlCacheBehavior [ RunTime:0.001000s ]
INFO: [ app_begin ] --END-- [ RunTime:0.001000s ]
SQL: SHOW COLUMNS FROM `think_user` [ RunTime:0.0020s ]
INFO: [ app_end ] --START--
INFO: Run Behavior\ShowPageTraceBehavior [ RunTime:0.001000s ]
INFO: [ app_end ] --END-- [ RunTime:0.001000s ]

[ 2016-06-01T22:23:38+08:00 ] ::1 /ThinkPHP/Home/User/model
INFO: [ app_init ] --START--
INFO: Run Behavior\BuildLiteBehavior [ RunTime:0.000000s ]
INFO: [ app_init ] --END-- [ RunTime:0.000000s ]
INFO: [ app_begin ] --START--
INFO: Run Behavior\ReadHtmlCacheBehavior [ RunTime:0.001000s ]
INFO: [ app_begin ] --END-- [ RunTime:0.001000s ]
SQL: SHOW COLUMNS FROM `think_user` [ RunTime:0.0020s ]
INFO: [ app_end ] --START--
INFO: Run Behavior\ShowPageTraceBehavior [ RunTime:0.001000s ]
INFO: [ app_end ] --END-- [ RunTime:0.001000s ]

[ 2016-06-01T22:24:32+08:00 ] ::1 /ThinkPHP/Home/User/model
INFO: [ app_init ] --START--
INFO: Run Behavior\BuildLiteBehavior [ RunTime:0.000000s ]
INFO: [ app_init ] --END-- [ RunTime:0.000000s ]
INFO: [ app_begin ] --START--
INFO: Run Behavior\ReadHtmlCacheBehavior [ RunTime:0.000000s ]
INFO: [ app_begin ] --END-- [ RunTime:0.001000s ]
SQL: SHOW COLUMNS FROM `think_user` [ RunTime:0.0030s ]
INFO: [ app_end ] --START--
INFO: Run Behavior\ShowPageTraceBehavior [ RunTime:0.002000s ]
INFO: [ app_end ] --END-- [ RunTime:0.002000s ]

[ 2016-06-01T22:24:32+08:00 ] ::1 /ThinkPHP/Home/User/model
INFO: [ app_init ] --START--
INFO: Run Behavior\BuildLiteBehavior [ RunTime:0.000000s ]
INFO: [ app_init ] --END-- [ RunTime:0.000000s ]
INFO: [ app_begin ] --START--
INFO: Run Behavior\ReadHtmlCacheBehavior [ RunTime:0.000000s ]
INFO: [ app_begin ] --END-- [ RunTime:0.000000s ]
SQL: SHOW COLUMNS FROM `think_user` [ RunTime:0.0030s ]
INFO: [ app_end ] --START--
INFO: Run Behavior\ShowPageTraceBehavior [ RunTime:0.002000s ]
INFO: [ app_end ] --END-- [ RunTime:0.002000s ]

[ 2016-06-01T22:27:15+08:00 ] ::1 /ThinkPHP/Home/User/model
INFO: [ app_init ] --START--
INFO: Run Behavior\BuildLiteBehavior [ RunTime:0.000000s ]
INFO: [ app_init ] --END-- [ RunTime:0.000000s ]
INFO: [ app_begin ] --START--
INFO: Run Behavior\ReadHtmlCacheBehavior [ RunTime:0.000000s ]
INFO: [ app_begin ] --END-- [ RunTime:0.000000s ]
SQL: SHOW COLUMNS FROM `think_user` [ RunTime:0.0030s ]
INFO: [ app_end ] --START--
INFO: Run Behavior\ShowPageTraceBehavior [ RunTime:0.001000s ]
INFO: [ app_end ] --END-- [ RunTime:0.001000s ]

[ 2016-06-01T22:27:20+08:00 ] ::1 /ThinkPHP/Home/User/model
INFO: [ app_init ] --START--
INFO: Run Behavior\BuildLiteBehavior [ RunTime:0.000000s ]
INFO: [ app_init ] --END-- [ RunTime:0.001000s ]
INFO: [ app_begin ] --START--
INFO: Run Behavior\ReadHtmlCacheBehavior [ RunTime:0.001000s ]
INFO: [ app_begin ] --END-- [ RunTime:0.001000s ]
SQL: SHOW COLUMNS FROM `think_user` [ RunTime:0.0030s ]
INFO: [ app_end ] --START--
INFO: Run Behavior\ShowPageTraceBehavior [ RunTime:0.001000s ]
INFO: [ app_end ] --END-- [ RunTime:0.001000s ]

[ 2016-06-01T22:27:24+08:00 ] ::1 /ThinkPHP/Home/User/model
INFO: [ app_init ] --START--
INFO: Run Behavior\BuildLiteBehavior [ RunTime:0.000000s ]
INFO: [ app_init ] --END-- [ RunTime:0.001000s ]
INFO: [ app_begin ] --START--
INFO: Run Behavior\ReadHtmlCacheBehavior [ RunTime:0.000000s ]
INFO: [ app_begin ] --END-- [ RunTime:0.000000s ]
SQL: SHOW COLUMNS FROM `think_user` [ RunTime:0.0030s ]
INFO: [ app_end ] --START--
INFO: Run Behavior\ShowPageTraceBehavior [ RunTime:0.001000s ]
INFO: [ app_end ] --END-- [ RunTime:0.001000s ]

